<?xml version="1.0" encoding="UTF-8"?>
<!-- Generated by org.testng.reporters.JUnitReportReporter -->
<testsuite hostname="LAPTOP-3Q2IRK11" failures="0" tests="1" name="SeleniumStand.LandingP" time="6.390" errors="0" timestamp="2024-01-04T17:27:45 IST" skipped="0">
  <testcase classname="SeleniumStand.LandingP" name="goTo" time="6.390"/>
  <system-out/>
</testsuite> <!-- SeleniumStand.LandingP -->
