<?xml version="1.0" encoding="UTF-8"?>
<!-- Generated by org.testng.reporters.JUnitReportReporter -->
<testsuite hostname="LAPTOP-3Q2IRK11" failures="0" tests="2" name="Selenium.tests.SubmitOrder" time="14.989" errors="0" timestamp="2023-12-29T14:27:36 IST" skipped="0">
  <testcase classname="Selenium.tests.SubmitOrder" name="OrderHistory" time="7.784"/>
  <system-out/>
  <testcase classname="Selenium.tests.SubmitOrder" name="SubmitOrder" time="7.205"/>
  <system-out/>
</testsuite> <!-- Selenium.tests.SubmitOrder -->
