<?xml version="1.0" encoding="UTF-8"?>
<!-- Generated by org.testng.reporters.JUnitReportReporter -->
<testsuite hostname="LAPTOP-3Q2IRK11" failures="0" tests="1" name="Selenium.Flipkart.ThreeProduct" time="4.375" errors="0" timestamp="2024-01-04T17:18:46 IST" skipped="0">
  <testcase classname="Selenium.Flipkart.ThreeProduct" name="main" time="4.375"/>
  <system-out/>
</testsuite> <!-- Selenium.Flipkart.ThreeProduct -->
