<?xml version="1.0" encoding="UTF-8"?>
<!-- Generated by org.testng.reporters.JUnitReportReporter -->
<testsuite hostname="LAPTOP-3Q2IRK11" failures="0" tests="3" name="Selenium.tests.SubmitOrderTest" time="24.271" errors="0" timestamp="2024-02-28T06:57:10 IST" skipped="0">
  <testcase classname="Selenium.tests.SubmitOrderTest" name="SubmitOrder" time="9.409"/>
  <system-out/>
  <testcase classname="Selenium.tests.SubmitOrderTest" name="SubmitOrder" time="8.759"/>
  <system-out/>
  <testcase classname="Selenium.tests.SubmitOrderTest" name="OrderHistory" time="6.103"/>
  <system-out/>
</testsuite> <!-- Selenium.tests.SubmitOrderTest -->
