<?xml version="1.0" encoding="UTF-8"?>
<!-- Generated by org.testng.reporters.JUnitReportReporter -->
<testsuite hostname="LAPTOP-3Q2IRK11" failures="0" tests="4" name="test.NG.day4" time="0.019" errors="0" timestamp="2023-12-17T10:40:53 IST" skipped="1">
  <testcase classname="test.NG.day4" name="LoginAPIhomeloan" time="0.008"/>
  <system-out/>
  <testcase classname="test.NG.day4" name="Webloginhomeloan" time="0.007"/>
  <system-out/>
  <testcase classname="test.NG.day4" name="APIhomeloan" time="0.004"/>
  <system-out/>
  <testcase classname="test.NG.day4" name="Mobileloginhomeloan">
    <skipped/>
  </testcase> <!-- Mobileloginhomeloan -->
  <system-out/>
</testsuite> <!-- test.NG.day4 -->
