<?xml version="1.0" encoding="UTF-8"?>
<!-- Generated by org.testng.reporters.JUnitReportReporter -->
<testsuite hostname="LAPTOP-3Q2IRK11" failures="0" tests="1" name="test.NG.PS1" time="0.009" errors="0" timestamp="2023-12-21T11:26:05 IST" skipped="0">
  <testcase classname="test.NG.PS1" name="testRun" time="0.009"/>
  <system-out/>
</testsuite> <!-- test.NG.PS1 -->
