<?xml version="1.0" encoding="UTF-8"?>
<!-- Generated by org.testng.reporters.JUnitReportReporter -->
<testsuite hostname="LAPTOP-3Q2IRK11" failures="0" tests="1" name="cucumber.TestNGTestRunner" time="10.103" errors="0" timestamp="2024-03-07T09:53:43 IST" skipped="0">
  <testcase classname="cucumber.TestNGTestRunner" name="runScenario" time="10.103"/>
</testsuite> <!-- cucumber.TestNGTestRunner -->
